[2026-06-22 14:54:22] production.ERROR: syntax error, unexpected token "{", expecting "," or ";" {"exception":"[object] (ParseError(code: 0): syntax error, unexpected token \"{\", expecting \",\" or \";\" at C:/xampp/htdocs/laraval/vendor/symfony/http-foundation/Request.php:117)
[stacktrace]
#0 C:/xampp/htdocs/laraval/vendor/composer/ClassLoader.php(427): Composer/Autoload/{closure}('C://xampp//htdocs...')
#1 C:/xampp/htdocs/laraval/src/Illuminate/Http/Request.php(29): Composer/Autoload/ClassLoader->loadClass('Symfony//Compone...')
#2 C:/xampp/htdocs/laraval/vendor/composer/ClassLoader.php(576): include('C://xampp//htdocs...')
#3 C:/xampp/htdocs/laraval/vendor/composer/ClassLoader.php(427): Composer/Autoload/{closure}('C://xampp//htdocs...')
#4 C:/xampp/htdocs/laraval/src/Illuminate/Foundation/Bootstrap/SetRequestForConsole.php(31): Composer/Autoload/ClassLoader->loadClass('Illuminate//Http...')
#5 C:/xampp/htdocs/laraval/src/Illuminate/Foundation/Application.php(342): Illuminate/Foundation/Bootstrap/SetRequestForConsole->bootstrap(Object(Illuminate/Foundation/Application))
#6 C:/xampp/htdocs/laraval/src/Illuminate/Foundation/Console/Kernel.php(494): Illuminate/Foundation/Application->bootstrapWith(Array)
#7 C:/xampp/htdocs/laraval/src/Illuminate/Foundation/Console/Kernel.php(196): Illuminate/Foundation/Console/Kernel->bootstrap()
#8 C:/xampp/htdocs/laraval/src/Illuminate/Foundation/Application.php(1237): Illuminate/Foundation/Console/Kernel->handle(Object(Symfony/Component/Console/Input/ArgvInput), Object(Symfony/Component/Console/Output/ConsoleOutput))
#9 C:/xampp/htdocs/laraval/artisan(18): Illuminate/Foundation/Application->handleCommand(Object(Symfony/Component/Console/Input/ArgvInput))
#10 {main}
"} 
[2026-06-22 14:54:22] production.ERROR: syntax error, unexpected token "{", expecting "," or ";" {"exception":"[object] (ParseError(code: 0): syntax error, unexpected token \"{\", expecting \",\" or \";\" at C:/xampp/htdocs/laraval/vendor/symfony/http-foundation/Request.php:117)
[stacktrace]
#0 C:/xampp/htdocs/laraval/vendor/composer/ClassLoader.php(427): Composer/Autoload/{closure}('C://xampp//htdocs...')
#1 C:/xampp/htdocs/laraval/src/Illuminate/Http/Request.php(29): Composer/Autoload/ClassLoader->loadClass('Symfony//Compone...')
#2 C:/xampp/htdocs/laraval/vendor/composer/ClassLoader.php(576): include('C://xampp//htdocs...')
#3 C:/xampp/htdocs/laraval/vendor/composer/ClassLoader.php(427): Composer/Autoload/{closure}('C://xampp//htdocs...')
#4 C:/xampp/htdocs/laraval/src/Illuminate/Foundation/Bootstrap/SetRequestForConsole.php(31): Composer/Autoload/ClassLoader->loadClass('Illuminate//Http...')
#5 C:/xampp/htdocs/laraval/src/Illuminate/Foundation/Application.php(342): Illuminate/Foundation/Bootstrap/SetRequestForConsole->bootstrap(Object(Illuminate/Foundation/Application))
#6 C:/xampp/htdocs/laraval/src/Illuminate/Foundation/Console/Kernel.php(494): Illuminate/Foundation/Application->bootstrapWith(Array)
#7 C:/xampp/htdocs/laraval/src/Illuminate/Foundation/Console/Kernel.php(196): Illuminate/Foundation/Console/Kernel->bootstrap()
#8 C:/xampp/htdocs/laraval/src/Illuminate/Foundation/Application.php(1237): Illuminate/Foundation/Console/Kernel->handle(Object(Symfony/Component/Console/Input/ArgvInput), Object(Symfony/Component/Console/Output/ConsoleOutput))
#9 C:/xampp/htdocs/laraval/artisan(18): Illuminate/Foundation/Application->handleCommand(Object(Symfony/Component/Console/Input/ArgvInput))
#10 {main}
"} 
